C:\Program Files\Microsoft Visual Studio\2022\Community\MSBuild\Microsoft\VC\v170\Microsoft.CppBuild.targets(531,5): warning MSB8028: The intermediate directory (obj\x64\Debug\) contains files shared from another project (Example.vcxproj).  This can lead to incorrect clean and rebuild behavior.
  main.cpp
  ofApp.cpp
C:\Users\rasvi\Desktop\of_v0.12.0_vs_release\libs\openFrameworks\math\ofMatrix4x4.h(326,20): warning C4267: 'argument': conversion from 'size_t' to 'int', possible loss of data
  (compiling source file 'src/main.cpp')
  
C:\Users\rasvi\Desktop\of_v0.12.0_vs_release\libs\openFrameworks\math\ofMatrix4x4.h(331,20): warning C4267: 'argument': conversion from 'size_t' to 'int', possible loss of data
  (compiling source file 'src/main.cpp')
  
C:\Users\rasvi\Desktop\of_v0.12.0_vs_release\libs\openFrameworks\math\ofMatrix4x4.h(912,11): warning C4267: 'argument': conversion from 'size_t' to 'int', possible loss of data
  (compiling source file 'src/main.cpp')
  
C:\Users\rasvi\Desktop\of_v0.12.0_vs_release\libs\openFrameworks\math\ofMatrix4x4.h(913,11): warning C4267: 'argument': conversion from 'size_t' to 'int', possible loss of data
  (compiling source file 'src/main.cpp')
  
C:\Users\rasvi\Desktop\of_v0.12.0_vs_release\libs\openFrameworks\math\ofMatrix4x4.h(914,11): warning C4267: 'argument': conversion from 'size_t' to 'int', possible loss of data
  (compiling source file 'src/main.cpp')
  
C:\Users\rasvi\Desktop\of_v0.12.0_vs_release\libs\openFrameworks\math\ofMatrix4x4.h(915,11): warning C4267: 'argument': conversion from 'size_t' to 'int', possible loss of data
  (compiling source file 'src/main.cpp')
  
C:\Users\rasvi\Desktop\of_v0.12.0_vs_release\libs\openFrameworks\math\ofMatrix4x4.h(326,20): warning C4267: 'argument': conversion from 'size_t' to 'int', possible loss of data
  (compiling source file 'src/ofApp.cpp')
  
C:\Users\rasvi\Desktop\of_v0.12.0_vs_release\libs\openFrameworks\math\ofMatrix4x4.h(331,20): warning C4267: 'argument': conversion from 'size_t' to 'int', possible loss of data
  (compiling source file 'src/ofApp.cpp')
  
C:\Users\rasvi\Desktop\of_v0.12.0_vs_release\libs\openFrameworks\math\ofMatrix4x4.h(912,11): warning C4267: 'argument': conversion from 'size_t' to 'int', possible loss of data
  (compiling source file 'src/ofApp.cpp')
  
C:\Users\rasvi\Desktop\of_v0.12.0_vs_release\libs\openFrameworks\math\ofMatrix4x4.h(913,11): warning C4267: 'argument': conversion from 'size_t' to 'int', possible loss of data
  (compiling source file 'src/ofApp.cpp')
  
C:\Users\rasvi\Desktop\of_v0.12.0_vs_release\libs\openFrameworks\math\ofMatrix4x4.h(914,11): warning C4267: 'argument': conversion from 'size_t' to 'int', possible loss of data
  (compiling source file 'src/ofApp.cpp')
  
C:\Users\rasvi\Desktop\of_v0.12.0_vs_release\libs\openFrameworks\math\ofMatrix4x4.h(915,11): warning C4267: 'argument': conversion from 'size_t' to 'int', possible loss of data
  (compiling source file 'src/ofApp.cpp')
  
C:\Users\rasvi\Desktop\of_v0.12.0_vs_release\apps\myApps\CMI-Project\src\DataTypes\VideoMedia.h(113,1): warning C4172: returning address of local variable or temporary
  Metadata.cpp
C:\Users\rasvi\Desktop\of_v0.12.0_vs_release\libs\openFrameworks\math\ofMatrix4x4.h(326,20): warning C4267: 'argument': conversion from 'size_t' to 'int', possible loss of data
  (compiling source file 'src/DataTypes/Metadata.cpp')
  
C:\Users\rasvi\Desktop\of_v0.12.0_vs_release\libs\openFrameworks\math\ofMatrix4x4.h(331,20): warning C4267: 'argument': conversion from 'size_t' to 'int', possible loss of data
  (compiling source file 'src/DataTypes/Metadata.cpp')
  
C:\Users\rasvi\Desktop\of_v0.12.0_vs_release\libs\openFrameworks\math\ofMatrix4x4.h(912,11): warning C4267: 'argument': conversion from 'size_t' to 'int', possible loss of data
  (compiling source file 'src/DataTypes/Metadata.cpp')
  
C:\Users\rasvi\Desktop\of_v0.12.0_vs_release\libs\openFrameworks\math\ofMatrix4x4.h(913,11): warning C4267: 'argument': conversion from 'size_t' to 'int', possible loss of data
  (compiling source file 'src/DataTypes/Metadata.cpp')
  
C:\Users\rasvi\Desktop\of_v0.12.0_vs_release\libs\openFrameworks\math\ofMatrix4x4.h(914,11): warning C4267: 'argument': conversion from 'size_t' to 'int', possible loss of data
  (compiling source file 'src/DataTypes/Metadata.cpp')
  
C:\Users\rasvi\Desktop\of_v0.12.0_vs_release\libs\openFrameworks\math\ofMatrix4x4.h(915,11): warning C4267: 'argument': conversion from 'size_t' to 'int', possible loss of data
  (compiling source file 'src/DataTypes/Metadata.cpp')
  
C:\Users\rasvi\Desktop\of_v0.12.0_vs_release\apps\myApps\CMI-Project\src\DataTypes\Metadata.cpp(97,14): warning C4267: 'initializing': conversion from 'size_t' to 'int', possible loss of data
C:\Users\rasvi\Desktop\of_v0.12.0_vs_release\apps\myApps\CMI-Project\src\DataTypes\Metadata.cpp(112,14): warning C4267: 'initializing': conversion from 'size_t' to 'int', possible loss of data
C:\Users\rasvi\Desktop\of_v0.12.0_vs_release\apps\myApps\CMI-Project\src\DataTypes\Metadata.cpp(142,12): warning C4267: 'initializing': conversion from 'size_t' to 'int', possible loss of data
C:\Users\rasvi\Desktop\of_v0.12.0_vs_release\apps\myApps\CMI-Project\src\DataTypes\Metadata.cpp(142,46): warning C4267: 'initializing': conversion from 'size_t' to 'int', possible loss of data
C:\Users\rasvi\Desktop\of_v0.12.0_vs_release\apps\myApps\CMI-Project\src\DataTypes\Metadata.cpp(153,30): warning C4267: '+=': conversion from 'size_t' to 'int', possible loss of data
C:\Users\rasvi\Desktop\of_v0.12.0_vs_release\apps\myApps\CMI-Project\src\DataTypes\Metadata.cpp(156,16): warning C4267: 'return': conversion from 'size_t' to 'int', possible loss of data
C:\Users\rasvi\Desktop\of_v0.12.0_vs_release\apps\myApps\CMI-Project\src\DataTypes\Metadata.cpp(161,49): warning C4267: 'argument': conversion from 'size_t' to 'int', possible loss of data
C:\Users\rasvi\Desktop\of_v0.12.0_vs_release\apps\myApps\CMI-Project\src\DataTypes\Metadata.cpp(161,45): warning C4267: 'argument': conversion from 'size_t' to 'int', possible loss of data
C:\Users\rasvi\Desktop\of_v0.12.0_vs_release\apps\myApps\CMI-Project\src\DataTypes\Metadata.cpp(161,25): warning C4267: 'argument': conversion from 'size_t' to 'int', possible loss of data
C:\Users\rasvi\Desktop\of_v0.12.0_vs_release\apps\myApps\CMI-Project\src\DataTypes\Metadata.cpp(190,49): warning C4267: 'argument': conversion from 'size_t' to 'int', possible loss of data
C:\Users\rasvi\Desktop\of_v0.12.0_vs_release\apps\myApps\CMI-Project\src\DataTypes\Metadata.cpp(190,45): warning C4267: 'argument': conversion from 'size_t' to 'int', possible loss of data
C:\Users\rasvi\Desktop\of_v0.12.0_vs_release\apps\myApps\CMI-Project\src\DataTypes\Metadata.cpp(190,25): warning C4267: 'argument': conversion from 'size_t' to 'int', possible loss of data
C:\Users\rasvi\Desktop\of_v0.12.0_vs_release\apps\myApps\CMI-Project\src\DataTypes\Metadata.cpp(242,50): warning C4267: 'argument': conversion from 'size_t' to 'int', possible loss of data
C:\Users\rasvi\Desktop\of_v0.12.0_vs_release\apps\myApps\CMI-Project\src\DataTypes\Metadata.cpp(242,46): warning C4267: 'argument': conversion from 'size_t' to 'int', possible loss of data
C:\Users\rasvi\Desktop\of_v0.12.0_vs_release\apps\myApps\CMI-Project\src\DataTypes\Metadata.cpp(242,26): warning C4267: 'argument': conversion from 'size_t' to 'int', possible loss of data
C:\Users\rasvi\Desktop\of_v0.12.0_vs_release\apps\myApps\CMI-Project\src\DataTypes\Metadata.cpp(308,50): warning C4267: 'argument': conversion from 'size_t' to 'int', possible loss of data
C:\Users\rasvi\Desktop\of_v0.12.0_vs_release\apps\myApps\CMI-Project\src\DataTypes\Metadata.cpp(308,46): warning C4267: 'argument': conversion from 'size_t' to 'int', possible loss of data
C:\Users\rasvi\Desktop\of_v0.12.0_vs_release\apps\myApps\CMI-Project\src\DataTypes\Metadata.cpp(308,26): warning C4267: 'argument': conversion from 'size_t' to 'int', possible loss of data
C:\Users\rasvi\Desktop\of_v0.12.0_vs_release\apps\myApps\CMI-Project\src\DataTypes\Media.h(50,1): warning C4715: 'Media::isImage': not all control paths return a value
  CameraPage.cpp
  FilteredPage.cpp
  HomePage.cpp
  ScreenSaver.cpp
  VersionControlPage.cpp
C:\Users\rasvi\Desktop\of_v0.12.0_vs_release\libs\openFrameworks\math\ofMatrix4x4.h(326,20): warning C4267: 'argument': conversion from 'size_t' to 'int', possible loss of data
  (compiling source file 'src/Pages/CameraPage.cpp')
  
C:\Users\rasvi\Desktop\of_v0.12.0_vs_release\libs\openFrameworks\math\ofMatrix4x4.h(331,20): warning C4267: 'argument': conversion from 'size_t' to 'int', possible loss of data
  (compiling source file 'src/Pages/CameraPage.cpp')
  
C:\Users\rasvi\Desktop\of_v0.12.0_vs_release\libs\openFrameworks\math\ofMatrix4x4.h(912,11): warning C4267: 'argument': conversion from 'size_t' to 'int', possible loss of data
  (compiling source file 'src/Pages/CameraPage.cpp')
  
C:\Users\rasvi\Desktop\of_v0.12.0_vs_release\libs\openFrameworks\math\ofMatrix4x4.h(913,11): warning C4267: 'argument': conversion from 'size_t' to 'int', possible loss of data
  (compiling source file 'src/Pages/CameraPage.cpp')
  
C:\Users\rasvi\Desktop\of_v0.12.0_vs_release\libs\openFrameworks\math\ofMatrix4x4.h(914,11): warning C4267: 'argument': conversion from 'size_t' to 'int', possible loss of data
  (compiling source file 'src/Pages/CameraPage.cpp')
  
C:\Users\rasvi\Desktop\of_v0.12.0_vs_release\libs\openFrameworks\math\ofMatrix4x4.h(915,11): warning C4267: 'argument': conversion from 'size_t' to 'int', possible loss of data
  (compiling source file 'src/Pages/CameraPage.cpp')
  
C:\Users\rasvi\Desktop\of_v0.12.0_vs_release\libs\openFrameworks\math\ofMatrix4x4.h(326,20): warning C4267: 'argument': conversion from 'size_t' to 'int', possible loss of data
  (compiling source file 'src/Pages/HomePage.cpp')
  
C:\Users\rasvi\Desktop\of_v0.12.0_vs_release\libs\openFrameworks\math\ofMatrix4x4.h(326,20): warning C4267: 'argument': conversion from 'size_t' to 'int', possible loss of data
  (compiling source file 'src/Pages/FilteredPage.cpp')
  
C:\Users\rasvi\Desktop\of_v0.12.0_vs_release\libs\openFrameworks\math\ofMatrix4x4.h(331,20): warning C4267: 'argument': conversion from 'size_t' to 'int', possible loss of data
  (compiling source file 'src/Pages/HomePage.cpp')
  
C:\Users\rasvi\Desktop\of_v0.12.0_vs_release\libs\openFrameworks\math\ofMatrix4x4.h(331,20): warning C4267: 'argument': conversion from 'size_t' to 'int', possible loss of data
  (compiling source file 'src/Pages/FilteredPage.cpp')
  
C:\Users\rasvi\Desktop\of_v0.12.0_vs_release\libs\openFrameworks\math\ofMatrix4x4.h(912,11): warning C4267: 'argument': conversion from 'size_t' to 'int', possible loss of data
  (compiling source file 'src/Pages/HomePage.cpp')
  
C:\Users\rasvi\Desktop\of_v0.12.0_vs_release\libs\openFrameworks\math\ofMatrix4x4.h(912,11): warning C4267: 'argument': conversion from 'size_t' to 'int', possible loss of data
  (compiling source file 'src/Pages/FilteredPage.cpp')
  
C:\Users\rasvi\Desktop\of_v0.12.0_vs_release\libs\openFrameworks\math\ofMatrix4x4.h(913,11): warning C4267: 'argument': conversion from 'size_t' to 'int', possible loss of data
  (compiling source file 'src/Pages/HomePage.cpp')
  
C:\Users\rasvi\Desktop\of_v0.12.0_vs_release\libs\openFrameworks\math\ofMatrix4x4.h(913,11): warning C4267: 'argument': conversion from 'size_t' to 'int', possible loss of data
  (compiling source file 'src/Pages/FilteredPage.cpp')
  
C:\Users\rasvi\Desktop\of_v0.12.0_vs_release\libs\openFrameworks\math\ofMatrix4x4.h(914,11): warning C4267: 'argument': conversion from 'size_t' to 'int', possible loss of data
  (compiling source file 'src/Pages/HomePage.cpp')
  
C:\Users\rasvi\Desktop\of_v0.12.0_vs_release\libs\openFrameworks\math\ofMatrix4x4.h(914,11): warning C4267: 'argument': conversion from 'size_t' to 'int', possible loss of data
  (compiling source file 'src/Pages/FilteredPage.cpp')
  
C:\Users\rasvi\Desktop\of_v0.12.0_vs_release\libs\openFrameworks\math\ofMatrix4x4.h(915,11): warning C4267: 'argument': conversion from 'size_t' to 'int', possible loss of data
  (compiling source file 'src/Pages/FilteredPage.cpp')
  
C:\Users\rasvi\Desktop\of_v0.12.0_vs_release\libs\openFrameworks\math\ofMatrix4x4.h(915,11): warning C4267: 'argument': conversion from 'size_t' to 'int', possible loss of data
  (compiling source file 'src/Pages/HomePage.cpp')
  
C:\Users\rasvi\Desktop\of_v0.12.0_vs_release\libs\openFrameworks\math\ofMatrix4x4.h(326,20): warning C4267: 'argument': conversion from 'size_t' to 'int', possible loss of data
  (compiling source file 'src/Pages/ScreenSaver.cpp')
  
C:\Users\rasvi\Desktop\of_v0.12.0_vs_release\libs\openFrameworks\math\ofMatrix4x4.h(331,20): warning C4267: 'argument': conversion from 'size_t' to 'int', possible loss of data
  (compiling source file 'src/Pages/ScreenSaver.cpp')
  
C:\Users\rasvi\Desktop\of_v0.12.0_vs_release\libs\openFrameworks\math\ofMatrix4x4.h(912,11): warning C4267: 'argument': conversion from 'size_t' to 'int', possible loss of data
  (compiling source file 'src/Pages/ScreenSaver.cpp')
  
C:\Users\rasvi\Desktop\of_v0.12.0_vs_release\libs\openFrameworks\math\ofMatrix4x4.h(913,11): warning C4267: 'argument': conversion from 'size_t' to 'int', possible loss of data
  (compiling source file 'src/Pages/ScreenSaver.cpp')
  
C:\Users\rasvi\Desktop\of_v0.12.0_vs_release\libs\openFrameworks\math\ofMatrix4x4.h(914,11): warning C4267: 'argument': conversion from 'size_t' to 'int', possible loss of data
  (compiling source file 'src/Pages/ScreenSaver.cpp')
  
C:\Users\rasvi\Desktop\of_v0.12.0_vs_release\libs\openFrameworks\math\ofMatrix4x4.h(915,11): warning C4267: 'argument': conversion from 'size_t' to 'int', possible loss of data
  (compiling source file 'src/Pages/ScreenSaver.cpp')
  
C:\Users\rasvi\Desktop\of_v0.12.0_vs_release\libs\openFrameworks\math\ofMatrix4x4.h(326,20): warning C4267: 'argument': conversion from 'size_t' to 'int', possible loss of data
  (compiling source file 'src/Pages/VersionControlPage.cpp')
  
C:\Users\rasvi\Desktop\of_v0.12.0_vs_release\libs\openFrameworks\math\ofMatrix4x4.h(331,20): warning C4267: 'argument': conversion from 'size_t' to 'int', possible loss of data
  (compiling source file 'src/Pages/VersionControlPage.cpp')
  
C:\Users\rasvi\Desktop\of_v0.12.0_vs_release\libs\openFrameworks\math\ofMatrix4x4.h(912,11): warning C4267: 'argument': conversion from 'size_t' to 'int', possible loss of data
  (compiling source file 'src/Pages/VersionControlPage.cpp')
  
C:\Users\rasvi\Desktop\of_v0.12.0_vs_release\libs\openFrameworks\math\ofMatrix4x4.h(913,11): warning C4267: 'argument': conversion from 'size_t' to 'int', possible loss of data
  (compiling source file 'src/Pages/VersionControlPage.cpp')
  
C:\Users\rasvi\Desktop\of_v0.12.0_vs_release\libs\openFrameworks\math\ofMatrix4x4.h(914,11): warning C4267: 'argument': conversion from 'size_t' to 'int', possible loss of data
  (compiling source file 'src/Pages/VersionControlPage.cpp')
  
C:\Users\rasvi\Desktop\of_v0.12.0_vs_release\libs\openFrameworks\math\ofMatrix4x4.h(915,11): warning C4267: 'argument': conversion from 'size_t' to 'int', possible loss of data
  (compiling source file 'src/Pages/VersionControlPage.cpp')
  
C:\Users\rasvi\Desktop\of_v0.12.0_vs_release\apps\myApps\CMI-Project\src\Pages\FilteredPage.cpp(48,48): warning C4267: 'argument': conversion from 'size_t' to 'int', possible loss of data
C:\Users\rasvi\Desktop\of_v0.12.0_vs_release\apps\myApps\CMI-Project\src\Pages\FilteredPage.cpp(48,29): warning C4267: 'argument': conversion from 'size_t' to 'int', possible loss of data
C:\Users\rasvi\Desktop\of_v0.12.0_vs_release\apps\myApps\CMI-Project\src\Pages\VersionControlPage.cpp(47,50): warning C4267: 'argument': conversion from 'size_t' to 'int', possible loss of data
C:\Users\rasvi\Desktop\of_v0.12.0_vs_release\apps\myApps\CMI-Project\src\Pages\VersionControlPage.cpp(47,30): warning C4267: 'argument': conversion from 'size_t' to 'int', possible loss of data
C:\Users\rasvi\Desktop\of_v0.12.0_vs_release\apps\myApps\CMI-Project\src\DataTypes\Media.h(50,1): warning C4715: 'Media::isImage': not all control paths return a value
C:\Users\rasvi\Desktop\of_v0.12.0_vs_release\apps\myApps\CMI-Project\src\DataTypes\Media.h(50,1): warning C4715: 'Media::isImage': not all control paths return a value
  Button.cpp
  Carrousel.cpp
  FilterPanel.cpp
  MediaCircle.cpp
C:\Users\rasvi\Desktop\of_v0.12.0_vs_release\libs\openFrameworks\math\ofMatrix4x4.h(326,20): warning C4267: 'argument': conversion from 'size_t' to 'int', possible loss of data
  (compiling source file 'src/UIElements/Carrousel.cpp')
  
C:\Users\rasvi\Desktop\of_v0.12.0_vs_release\libs\openFrameworks\math\ofMatrix4x4.h(331,20): warning C4267: 'argument': conversion from 'size_t' to 'int', possible loss of data
  (compiling source file 'src/UIElements/Carrousel.cpp')
  
C:\Users\rasvi\Desktop\of_v0.12.0_vs_release\libs\openFrameworks\math\ofMatrix4x4.h(912,11): warning C4267: 'argument': conversion from 'size_t' to 'int', possible loss of data
  (compiling source file 'src/UIElements/Carrousel.cpp')
  
C:\Users\rasvi\Desktop\of_v0.12.0_vs_release\libs\openFrameworks\math\ofMatrix4x4.h(913,11): warning C4267: 'argument': conversion from 'size_t' to 'int', possible loss of data
  (compiling source file 'src/UIElements/Carrousel.cpp')
  
C:\Users\rasvi\Desktop\of_v0.12.0_vs_release\libs\openFrameworks\math\ofMatrix4x4.h(914,11): warning C4267: 'argument': conversion from 'size_t' to 'int', possible loss of data
  (compiling source file 'src/UIElements/Carrousel.cpp')
  
C:\Users\rasvi\Desktop\of_v0.12.0_vs_release\libs\openFrameworks\math\ofMatrix4x4.h(915,11): warning C4267: 'argument': conversion from 'size_t' to 'int', possible loss of data
  (compiling source file 'src/UIElements/Carrousel.cpp')
  
C:\Users\rasvi\Desktop\of_v0.12.0_vs_release\libs\openFrameworks\math\ofMatrix4x4.h(326,20): warning C4267: 'argument': conversion from 'size_t' to 'int', possible loss of data
  (compiling source file 'src/UIElements/MediaCircle.cpp')
  
C:\Users\rasvi\Desktop\of_v0.12.0_vs_release\libs\openFrameworks\math\ofMatrix4x4.h(331,20): warning C4267: 'argument': conversion from 'size_t' to 'int', possible loss of data
  (compiling source file 'src/UIElements/MediaCircle.cpp')
  
C:\Users\rasvi\Desktop\of_v0.12.0_vs_release\libs\openFrameworks\math\ofMatrix4x4.h(326,20): warning C4267: 'argument': conversion from 'size_t' to 'int', possible loss of data
  (compiling source file 'src/UIElements/Button.cpp')
  
C:\Users\rasvi\Desktop\of_v0.12.0_vs_release\libs\openFrameworks\math\ofMatrix4x4.h(331,20): warning C4267: 'argument': conversion from 'size_t' to 'int', possible loss of data
  (compiling source file 'src/UIElements/Button.cpp')
  
C:\Users\rasvi\Desktop\of_v0.12.0_vs_release\libs\openFrameworks\math\ofMatrix4x4.h(912,11): warning C4267: 'argument': conversion from 'size_t' to 'int', possible loss of data
  (compiling source file 'src/UIElements/Button.cpp')
  
C:\Users\rasvi\Desktop\of_v0.12.0_vs_release\libs\openFrameworks\math\ofMatrix4x4.h(913,11): warning C4267: 'argument': conversion from 'size_t' to 'int', possible loss of data
  (compiling source file 'src/UIElements/Button.cpp')
  
C:\Users\rasvi\Desktop\of_v0.12.0_vs_release\libs\openFrameworks\math\ofMatrix4x4.h(914,11): warning C4267: 'argument': conversion from 'size_t' to 'int', possible loss of data
  (compiling source file 'src/UIElements/Button.cpp')
  
C:\Users\rasvi\Desktop\of_v0.12.0_vs_release\libs\openFrameworks\math\ofMatrix4x4.h(915,11): warning C4267: 'argument': conversion from 'size_t' to 'int', possible loss of data
  (compiling source file 'src/UIElements/Button.cpp')
  
C:\Users\rasvi\Desktop\of_v0.12.0_vs_release\libs\openFrameworks\math\ofMatrix4x4.h(912,11): warning C4267: 'argument': conversion from 'size_t' to 'int', possible loss of data
  (compiling source file 'src/UIElements/MediaCircle.cpp')
  
C:\Users\rasvi\Desktop\of_v0.12.0_vs_release\libs\openFrameworks\math\ofMatrix4x4.h(913,11): warning C4267: 'argument': conversion from 'size_t' to 'int', possible loss of data
  (compiling source file 'src/UIElements/MediaCircle.cpp')
  
C:\Users\rasvi\Desktop\of_v0.12.0_vs_release\libs\openFrameworks\math\ofMatrix4x4.h(914,11): warning C4267: 'argument': conversion from 'size_t' to 'int', possible loss of data
  (compiling source file 'src/UIElements/MediaCircle.cpp')
  
C:\Users\rasvi\Desktop\of_v0.12.0_vs_release\libs\openFrameworks\math\ofMatrix4x4.h(915,11): warning C4267: 'argument': conversion from 'size_t' to 'int', possible loss of data
  (compiling source file 'src/UIElements/MediaCircle.cpp')
  
C:\Users\rasvi\Desktop\of_v0.12.0_vs_release\libs\openFrameworks\math\ofMatrix4x4.h(326,20): warning C4267: 'argument': conversion from 'size_t' to 'int', possible loss of data
  (compiling source file 'src/UIElements/FilterPanel.cpp')
  
C:\Users\rasvi\Desktop\of_v0.12.0_vs_release\libs\openFrameworks\math\ofMatrix4x4.h(331,20): warning C4267: 'argument': conversion from 'size_t' to 'int', possible loss of data
  (compiling source file 'src/UIElements/FilterPanel.cpp')
  
C:\Users\rasvi\Desktop\of_v0.12.0_vs_release\libs\openFrameworks\math\ofMatrix4x4.h(912,11): warning C4267: 'argument': conversion from 'size_t' to 'int', possible loss of data
  (compiling source file 'src/UIElements/FilterPanel.cpp')
  
C:\Users\rasvi\Desktop\of_v0.12.0_vs_release\libs\openFrameworks\math\ofMatrix4x4.h(913,11): warning C4267: 'argument': conversion from 'size_t' to 'int', possible loss of data
  (compiling source file 'src/UIElements/FilterPanel.cpp')
  
C:\Users\rasvi\Desktop\of_v0.12.0_vs_release\libs\openFrameworks\math\ofMatrix4x4.h(914,11): warning C4267: 'argument': conversion from 'size_t' to 'int', possible loss of data
  (compiling source file 'src/UIElements/FilterPanel.cpp')
  
C:\Users\rasvi\Desktop\of_v0.12.0_vs_release\libs\openFrameworks\math\ofMatrix4x4.h(915,11): warning C4267: 'argument': conversion from 'size_t' to 'int', possible loss of data
  (compiling source file 'src/UIElements/FilterPanel.cpp')
  
C:\Users\rasvi\Desktop\of_v0.12.0_vs_release\apps\myApps\CMI-Project\src\UIElements\Carrousel.cpp(54,20): warning C4267: 'initializing': conversion from 'size_t' to 'int', possible loss of data
C:\Users\rasvi\Desktop\of_v0.12.0_vs_release\apps\myApps\CMI-Project\src\UIElements\Carrousel.cpp(123,27): warning C4267: '=': conversion from 'size_t' to 'int', possible loss of data
C:\Users\rasvi\Desktop\of_v0.12.0_vs_release\apps\myApps\CMI-Project\src\DataTypes\VideoMedia.h(113,1): warning C4172: returning address of local variable or temporary
C:\Users\rasvi\Desktop\of_v0.12.0_vs_release\apps\myApps\CMI-Project\src\DataTypes\Media.h(50,1): warning C4715: 'Media::isImage': not all control paths return a value
C:\Users\rasvi\Desktop\of_v0.12.0_vs_release\apps\myApps\CMI-Project\src\DataTypes\VideoMedia.h(113,1): warning C4172: returning address of local variable or temporary
C:\Users\rasvi\Desktop\of_v0.12.0_vs_release\apps\myApps\CMI-Project\src\DataTypes\Media.h(50,1): warning C4715: 'Media::isImage': not all control paths return a value
LINK : warning LNK4075: ignoring '/INCREMENTAL' due to '/FORCE' specification
  CMI-Project.vcxproj -> C:\Users\rasvi\Desktop\of_v0.12.0_vs_release\apps\myApps\CMI-Project\bin\CMI-Project_debug.exe
  
  	                   2	C:\Users\rasvi\Desktop\of_v0.12.0_vs_release\libs\fmod\lib\vs\x64\
  	  *EXTRA File 		 6942208	C:\Users\rasvi\Desktop\of_v0.12.0_vs_release\apps\myApps\CMI-Project\bin\FreeImage.dll
  
  	                   1	C:\Users\rasvi\Desktop\of_v0.12.0_vs_release\libs\FreeImage\lib\vs\x64\
  	  *EXTRA File 		 1826304	C:\Users\rasvi\Desktop\of_v0.12.0_vs_release\apps\myApps\CMI-Project\bin\fmod.dll
  	  *EXTRA File 		 2041856	C:\Users\rasvi\Desktop\of_v0.12.0_vs_release\apps\myApps\CMI-Project\bin\fmodL.dll
