  VideoGrabber.cpp
C:\Users\rasvi\Desktop\of_v0.12.0_vs_release\libs\openFrameworks\math\ofMatrix4x4.h(326,20): warning C4267: 'argument': conversion from 'size_t' to 'int', possible loss of data
  (compiling source file 'VideoGrabber.cpp')
  
C:\Users\rasvi\Desktop\of_v0.12.0_vs_release\libs\openFrameworks\math\ofMatrix4x4.h(331,20): warning C4267: 'argument': conversion from 'size_t' to 'int', possible loss of data
  (compiling source file 'VideoGrabber.cpp')
  
C:\Users\rasvi\Desktop\of_v0.12.0_vs_release\libs\openFrameworks\math\ofMatrix4x4.h(912,11): warning C4267: 'argument': conversion from 'size_t' to 'int', possible loss of data
  (compiling source file 'VideoGrabber.cpp')
  
C:\Users\rasvi\Desktop\of_v0.12.0_vs_release\libs\openFrameworks\math\ofMatrix4x4.h(913,11): warning C4267: 'argument': conversion from 'size_t' to 'int', possible loss of data
  (compiling source file 'VideoGrabber.cpp')
  
C:\Users\rasvi\Desktop\of_v0.12.0_vs_release\libs\openFrameworks\math\ofMatrix4x4.h(914,11): warning C4267: 'argument': conversion from 'size_t' to 'int', possible loss of data
  (compiling source file 'VideoGrabber.cpp')
  
C:\Users\rasvi\Desktop\of_v0.12.0_vs_release\libs\openFrameworks\math\ofMatrix4x4.h(915,11): warning C4267: 'argument': conversion from 'size_t' to 'int', possible loss of data
  (compiling source file 'VideoGrabber.cpp')
  
LINK : warning LNK4075: ignoring '/INCREMENTAL' due to '/FORCE' specification
  Example.vcxproj -> C:\Users\rasvi\Desktop\of_v0.12.0_vs_release\apps\myApps\CMI-Project\bin\Example_debug.exe
  
  	                   2	C:\Users\rasvi\Desktop\of_v0.12.0_vs_release\libs\fmod\lib\vs\x64\
  	  *EXTRA File 		 6942208	C:\Users\rasvi\Desktop\of_v0.12.0_vs_release\apps\myApps\CMI-Project\bin\FreeImage.dll
  	    Older     		 1826304	C:\Users\rasvi\Desktop\of_v0.12.0_vs_release\libs\fmod\lib\vs\x64\fmod.dll
  	    Older     		 2041856	C:\Users\rasvi\Desktop\of_v0.12.0_vs_release\libs\fmod\lib\vs\x64\fmodL.dll
  
  	                   1	C:\Users\rasvi\Desktop\of_v0.12.0_vs_release\libs\FreeImage\lib\vs\x64\
  	  *EXTRA File 		 1826304	C:\Users\rasvi\Desktop\of_v0.12.0_vs_release\apps\myApps\CMI-Project\bin\fmod.dll
  	  *EXTRA File 		 2041856	C:\Users\rasvi\Desktop\of_v0.12.0_vs_release\apps\myApps\CMI-Project\bin\fmodL.dll
  	    Older     		 6942208	C:\Users\rasvi\Desktop\of_v0.12.0_vs_release\libs\FreeImage\lib\vs\x64\FreeImage.dll
