  Metadata.cpp
C:\Users\rasvi\Desktop\of_v0.12.0_vs_release\libs\openFrameworks\math\ofMatrix4x4.h(326,20): warning C4267: 'argument': conversion from 'size_t' to 'int', possible loss of data
  (compiling source file 'src/Metadata.cpp')
  
C:\Users\rasvi\Desktop\of_v0.12.0_vs_release\libs\openFrameworks\math\ofMatrix4x4.h(331,20): warning C4267: 'argument': conversion from 'size_t' to 'int', possible loss of data
  (compiling source file 'src/Metadata.cpp')
  
C:\Users\rasvi\Desktop\of_v0.12.0_vs_release\libs\openFrameworks\math\ofMatrix4x4.h(912,11): warning C4267: 'argument': conversion from 'size_t' to 'int', possible loss of data
  (compiling source file 'src/Metadata.cpp')
  
C:\Users\rasvi\Desktop\of_v0.12.0_vs_release\libs\openFrameworks\math\ofMatrix4x4.h(913,11): warning C4267: 'argument': conversion from 'size_t' to 'int', possible loss of data
  (compiling source file 'src/Metadata.cpp')
  
C:\Users\rasvi\Desktop\of_v0.12.0_vs_release\libs\openFrameworks\math\ofMatrix4x4.h(914,11): warning C4267: 'argument': conversion from 'size_t' to 'int', possible loss of data
  (compiling source file 'src/Metadata.cpp')
  
C:\Users\rasvi\Desktop\of_v0.12.0_vs_release\libs\openFrameworks\math\ofMatrix4x4.h(915,11): warning C4267: 'argument': conversion from 'size_t' to 'int', possible loss of data
  (compiling source file 'src/Metadata.cpp')
  
C:\Users\rasvi\Desktop\of_v0.12.0_vs_release\apps\myApps\CMI-Project\src\Metadata.cpp(129,14): warning C4267: 'initializing': conversion from 'size_t' to 'int', possible loss of data
C:\Users\rasvi\Desktop\of_v0.12.0_vs_release\apps\myApps\CMI-Project\src\Metadata.cpp(173,12): warning C4267: 'initializing': conversion from 'size_t' to 'int', possible loss of data
C:\Users\rasvi\Desktop\of_v0.12.0_vs_release\apps\myApps\CMI-Project\src\Metadata.cpp(173,40): warning C4267: 'initializing': conversion from 'size_t' to 'int', possible loss of data
C:\Users\rasvi\Desktop\of_v0.12.0_vs_release\apps\myApps\CMI-Project\src\Metadata.cpp(183,26): warning C4267: 'return': conversion from 'size_t' to 'int', possible loss of data
  LINK : /LTCG specified but no code generation required; remove /LTCG from the link command line to improve linker performance
  CMI-Project.vcxproj -> C:\Users\rasvi\Desktop\of_v0.12.0_vs_release\apps\myApps\CMI-Project\bin\CMI-Project.exe
  
  	                   2	C:\Users\rasvi\Desktop\of_v0.12.0_vs_release\libs\fmod\lib\vs\x64\
  	  *EXTRA File 		 6942208	C:\Users\rasvi\Desktop\of_v0.12.0_vs_release\apps\myApps\CMI-Project\bin\FreeImage.dll
  
  	                   1	C:\Users\rasvi\Desktop\of_v0.12.0_vs_release\libs\FreeImage\lib\vs\x64\
  	  *EXTRA File 		 1826304	C:\Users\rasvi\Desktop\of_v0.12.0_vs_release\apps\myApps\CMI-Project\bin\fmod.dll
  	  *EXTRA File 		 2041856	C:\Users\rasvi\Desktop\of_v0.12.0_vs_release\apps\myApps\CMI-Project\bin\fmodL.dll
